<?xml version="1.0" encoding="UTF-8"?>
<!-- Generated by org.testng.reporters.JUnitXMLReporter -->
<testsuite ignored="9" hostname="DESKTOP-OM7JNCE" failures="0" tests="1" name="Default test(failed)" time="6.972" errors="0" timestamp="23 Oct 2022 05:56:40 GMT">
  <testcase classname="TestCases.FailedTestCasesTest" name="verifySmallLogoTest" time="0.653"/>
  <testcase classname="TestCases.FailedTestCasesTest" name="verifyfacebooklogoTest" time="0.0">
    <ignored/>
  </testcase> <!-- verifyfacebooklogoTest -->
  <testcase classname="TestCases.FailedTestCasesTest" name="verifylinkedInlogoTest" time="0.0">
    <ignored/>
  </testcase> <!-- verifylinkedInlogoTest -->
  <testcase classname="TestCases.FailedTestCasesTest" name="verifyCurrentUrlTest" time="0.0">
    <ignored/>
  </testcase> <!-- verifyCurrentUrlTest -->
  <testcase classname="TestCases.FailedTestCasesTest" name="verifyBigLogoTest" time="0.0">
    <ignored/>
  </testcase> <!-- verifyBigLogoTest -->
  <testcase classname="TestCases.FailedTestCasesTest" name="gotoNextPage3Test" time="0.0">
    <ignored/>
  </testcase> <!-- gotoNextPage3Test -->
  <testcase classname="TestCases.FailedTestCasesTest" name="verifyTitleTest" time="0.0">
    <ignored/>
  </testcase> <!-- verifyTitleTest -->
  <testcase classname="TestCases.FailedTestCasesTest" name="add6ProductTest" time="0.0">
    <ignored/>
  </testcase> <!-- add6ProductTest -->
  <testcase classname="TestCases.FailedTestCasesTest" name="remove2ProductTest" time="0.0">
    <ignored/>
  </testcase> <!-- remove2ProductTest -->
  <testcase classname="TestCases.FailedTestCasesTest" name="verifytwitterlogoTest" time="0.0">
    <ignored/>
  </testcase> <!-- verifytwitterlogoTest -->
</testsuite> <!-- Default test(failed) -->
