<?xml version="1.0" encoding="UTF-8"?>
<!-- Generated by org.testng.reporters.JUnitXMLReporter -->
<testsuite ignored="4" hostname="DESKTOP-OM7JNCE" failures="0" tests="1" name="Test(failed)(failed)" time="8.443" errors="0" timestamp="27 Oct 2022 15:07:37 GMT">
  <testcase classname="TestCases1.CompletePage1_1Test" name="finalLogoTest" time="2.246"/>
  <testcase classname="TestCases1.CompletePage1_1Test" name="thankYouMsgTest" time="0.0">
    <ignored/>
  </testcase> <!-- thankYouMsgTest -->
  <testcase classname="TestCases1.CompletePage1_1Test" name="backHomeButtonTest" time="0.0">
    <ignored/>
  </testcase> <!-- backHomeButtonTest -->
  <testcase classname="TestCases1.CompletePage1_1Test" name="currnturlTest" time="0.0">
    <ignored/>
  </testcase> <!-- currnturlTest -->
  <testcase classname="TestCases1.CompletePage1_1Test" name="notificationMsgTest" time="0.0">
    <ignored/>
  </testcase> <!-- notificationMsgTest -->
</testsuite> <!-- Test(failed)(failed) -->
