<?xml version="1.0" encoding="UTF-8"?>
<!-- Generated by org.testng.reporters.JUnitXMLReporter -->
<testsuite ignored="7" hostname="DESKTOP-OM7JNCE" failures="0" tests="3" name="Test" time="22.512" errors="0" timestamp="30 Oct 2022 05:36:09 GMT">
  <testcase classname="TestCases.GroupTest" name="add6ProductTest" time="2.035"/>
  <testcase classname="TestCases.GroupTest" name="gotoNextPage3Test" time="3.528"/>
  <testcase classname="TestCases.GroupTest" name="remove2ProductTest" time="1.446"/>
  <testcase classname="TestCases.GroupTest" name="verifyBigLogoTest" time="0.0">
    <ignored/>
  </testcase> <!-- verifyBigLogoTest -->
  <testcase classname="TestCases.GroupTest" name="verifylinkedInlogoTest" time="0.0">
    <ignored/>
  </testcase> <!-- verifylinkedInlogoTest -->
  <testcase classname="TestCases.GroupTest" name="verifyfacebooklogoTest" time="0.0">
    <ignored/>
  </testcase> <!-- verifyfacebooklogoTest -->
  <testcase classname="TestCases.GroupTest" name="verifyCurrentUrlTest" time="0.0">
    <ignored/>
  </testcase> <!-- verifyCurrentUrlTest -->
  <testcase classname="TestCases.GroupTest" name="verifyTitleTest" time="0.0">
    <ignored/>
  </testcase> <!-- verifyTitleTest -->
  <testcase classname="TestCases.GroupTest" name="verifySmallLogoTest" time="0.0">
    <ignored/>
  </testcase> <!-- verifySmallLogoTest -->
  <testcase classname="TestCases.GroupTest" name="verifytwitterlogoTest" time="0.0">
    <ignored/>
  </testcase> <!-- verifytwitterlogoTest -->
</testsuite> <!-- Test -->
