<?xml version="1.0" encoding="UTF-8"?>
<!-- Generated by org.testng.reporters.JUnitXMLReporter -->
<testsuite ignored="10" hostname="DESKTOP-OM7JNCE" failures="0" tests="2" name="Test" time="14.805" errors="0" timestamp="30 Sep 2023 12:29:47 GMT">
  <testcase classname="TestCases.InventoryPageTest" name="getOptionTest" time="0.617"/>
  <testcase classname="TestCases.LoginPageTest" name="verifyTitleTest" time="0.021"/>
  <testcase classname="TestCases.InventoryPageTest" name="remove2ProductTest" time="0.0">
    <ignored/>
  </testcase> <!-- remove2ProductTest -->
  <testcase classname="TestCases.InventoryPageTest" name="verifySmallLogoTest" time="0.0">
    <ignored/>
  </testcase> <!-- verifySmallLogoTest -->
  <testcase classname="TestCases.InventoryPageTest" name="verifylinkedInlogoTest" time="0.0">
    <ignored/>
  </testcase> <!-- verifylinkedInlogoTest -->
  <testcase classname="TestCases.InventoryPageTest" name="verifyfacebooklogoTest" time="0.0">
    <ignored/>
  </testcase> <!-- verifyfacebooklogoTest -->
  <testcase classname="TestCases.InventoryPageTest" name="verifyCurrentUrlTest" time="0.0">
    <ignored/>
  </testcase> <!-- verifyCurrentUrlTest -->
  <testcase classname="TestCases.InventoryPageTest" name="verifytwitterlogoTest" time="0.0">
    <ignored/>
  </testcase> <!-- verifytwitterlogoTest -->
  <testcase classname="TestCases.InventoryPageTest" name="verifyBigLogoTest" time="0.0">
    <ignored/>
  </testcase> <!-- verifyBigLogoTest -->
  <testcase classname="TestCases.InventoryPageTest" name="verifyTitleTest" time="0.0">
    <ignored/>
  </testcase> <!-- verifyTitleTest -->
  <testcase classname="TestCases.InventoryPageTest" name="gotoNextPage3Test" time="0.0">
    <ignored/>
  </testcase> <!-- gotoNextPage3Test -->
  <testcase classname="TestCases.InventoryPageTest" name="add6ProductTest" time="0.0">
    <ignored/>
  </testcase> <!-- add6ProductTest -->
</testsuite> <!-- Test -->
