<?xml version="1.0" encoding="UTF-8"?>
<testng-results ignored="0" total="1" passed="0" failed="1" skipped="0">
  <reporter-output>
  </reporter-output>
  <suite started-at="2023-09-30T12:58:14Z" name="Default suite" finished-at="2023-09-30T12:58:36Z" duration-ms="22464">
    <groups>
    </groups>
    <test started-at="2023-09-30T12:58:14Z" name="Default test" finished-at="2023-09-30T12:58:36Z" duration-ms="22464">
      <class name="TestCases1.CheckOutPage1_1Test">
        <test-method is-config="true" signature="setup()[pri:0, instance:TestCases1.CheckOutPage1_1Test@436c81a3]" started-at="2023-09-30T18:28:14Z" name="setup" finished-at="2023-09-30T18:28:32Z" duration-ms="18641" status="PASS">
          <reporter-output>
          </reporter-output>
        </test-method> <!-- setup -->
        <test-method signature="checkOutPage5Test()[pri:0, instance:TestCases1.CheckOutPage1_1Test@436c81a3]" started-at="2023-09-30T18:28:32Z" name="checkOutPage5Test" finished-at="2023-09-30T18:28:35Z" duration-ms="2636" status="FAIL">
          <exception class="java.lang.AssertionError">
            <message>
              <![CDATA[expected [false] but found [true]]]>
            </message>
            <full-stacktrace>
              <![CDATA[java.lang.AssertionError: expected [false] but found [true]
	at org.testng.Assert.fail(Assert.java:94)
	at org.testng.Assert.failNotEquals(Assert.java:513)
	at org.testng.Assert.assertEqualsImpl(Assert.java:135)
	at org.testng.Assert.assertEquals(Assert.java:116)
	at org.testng.Assert.assertEquals(Assert.java:305)
	at org.testng.Assert.assertEquals(Assert.java:315)
	at TestCases1.CheckOutPage1_1Test.checkOutPage5Test(CheckOutPage1_1Test.java:42)
	at java.base/jdk.internal.reflect.NativeMethodAccessorImpl.invoke0(Native Method)
	at java.base/jdk.internal.reflect.NativeMethodAccessorImpl.invoke(NativeMethodAccessorImpl.java:62)
	at java.base/jdk.internal.reflect.DelegatingMethodAccessorImpl.invoke(DelegatingMethodAccessorImpl.java:43)
	at java.base/java.lang.reflect.Method.invoke(Method.java:566)
	at org.testng.internal.MethodInvocationHelper.invokeMethod(MethodInvocationHelper.java:104)
	at org.testng.internal.Invoker.invokeMethod(Invoker.java:645)
	at org.testng.internal.Invoker.invokeTestMethod(Invoker.java:851)
	at org.testng.internal.Invoker.invokeTestMethods(Invoker.java:1177)
	at org.testng.internal.TestMethodWorker.invokeTestMethods(TestMethodWorker.java:129)
	at org.testng.internal.TestMethodWorker.run(TestMethodWorker.java:112)
	at org.testng.TestRunner.privateRun(TestRunner.java:756)
	at org.testng.TestRunner.run(TestRunner.java:610)
	at org.testng.SuiteRunner.runTest(SuiteRunner.java:387)
	at org.testng.SuiteRunner.runSequentially(SuiteRunner.java:382)
	at org.testng.SuiteRunner.privateRun(SuiteRunner.java:340)
	at org.testng.SuiteRunner.run(SuiteRunner.java:289)
	at org.testng.SuiteRunnerWorker.runSuite(SuiteRunnerWorker.java:52)
	at org.testng.SuiteRunnerWorker.run(SuiteRunnerWorker.java:86)
	at org.testng.TestNG.runSuitesSequentially(TestNG.java:1293)
	at org.testng.TestNG.runSuitesLocally(TestNG.java:1218)
	at org.testng.TestNG.runSuites(TestNG.java:1133)
	at org.testng.TestNG.run(TestNG.java:1104)
	at org.testng.remote.AbstractRemoteTestNG.run(AbstractRemoteTestNG.java:115)
	at org.testng.remote.RemoteTestNG.initAndRun(RemoteTestNG.java:251)
	at org.testng.remote.RemoteTestNG.main(RemoteTestNG.java:77)
]]>
            </full-stacktrace>
          </exception> <!-- java.lang.AssertionError -->
          <reporter-output>
          </reporter-output>
        </test-method> <!-- checkOutPage5Test -->
        <test-method is-config="true" signature="closeBroswer(org.testng.ITestResult)[pri:0, instance:TestCases1.CheckOutPage1_1Test@436c81a3]" started-at="2023-09-30T18:28:35Z" name="closeBroswer" finished-at="2023-09-30T18:28:36Z" duration-ms="1132" status="PASS">
          <params>
            <param index="0">
              <value>
                <![CDATA[[TestResult name=checkOutPage5Test status=FAILURE method=CheckOutPage1_1Test.checkOutPage5Test()[pri:0, instance:TestCases1.CheckOutPage1_1Test@436c81a3] output={null}]]]>
              </value>
            </param>
          </params>
          <reporter-output>
          </reporter-output>
        </test-method> <!-- closeBroswer -->
      </class> <!-- TestCases1.CheckOutPage1_1Test -->
    </test> <!-- Default test -->
  </suite> <!-- Default suite -->
</testng-results>
